{"/Users/shashwotbhattarai/Desktop/personal_projects/resume tracker/auth_microservice/src/index.ts": {"path":"/Users/shashwotbhattarai/Desktop/personal_projects/resume tracker/auth_microservice/src/index.ts","statementMap":{"0":{"start":{"line":7,"column":12},"end":{"line":7,"column":21}},"1":{"start":{"line":8,"column":0},"end":{"line":8,"column":16}},"2":{"start":{"line":9,"column":13},"end":{"line":9,"column":17}},"3":{"start":{"line":11,"column":0},"end":{"line":11,"column":27}},"4":{"start":{"line":13,"column":0},"end":{"line":13,"column":20}},"5":{"start":{"line":14,"column":0},"end":{"line":14,"column":28}},"6":{"start":{"line":16,"column":0},"end":{"line":18,"column":3}},"7":{"start":{"line":17,"column":2},"end":{"line":17,"column":59}}},"fnMap":{"0":{"name":"(anonymous_0)","decl":{"start":{"line":16,"column":17},"end":{"line":16,"column":18}},"loc":{"start":{"line":16,"column":23},"end":{"line":18,"column":1}},"line":16}},"branchMap":{},"s":{"0":0,"1":0,"2":0,"3":0,"4":0,"5":0,"6":0,"7":0},"f":{"0":0},"b":{}}
,"/Users/shashwotbhattarai/Desktop/personal_projects/resume tracker/auth_microservice/src/database/db.connect.ts": {"path":"/Users/shashwotbhattarai/Desktop/personal_projects/resume tracker/auth_microservice/src/database/db.connect.ts","statementMap":{"0":{"start":{"line":4,"column":0},"end":{"line":4,"column":16}},"1":{"start":{"line":7,"column":2},"end":{"line":12,"column":3}},"2":{"start":{"line":8,"column":4},"end":{"line":8,"column":62}},"3":{"start":{"line":9,"column":4},"end":{"line":9,"column":45}},"4":{"start":{"line":11,"column":4},"end":{"line":11,"column":23}}},"fnMap":{"0":{"name":"connectToDatabase","decl":{"start":{"line":6,"column":15},"end":{"line":6,"column":32}},"loc":{"start":{"line":6,"column":50},"end":{"line":13,"column":1}},"line":6}},"branchMap":{},"s":{"0":0,"1":0,"2":0,"3":0,"4":0},"f":{"0":0},"b":{}}
,"/Users/shashwotbhattarai/Desktop/personal_projects/resume tracker/auth_microservice/src/database/models/authCredentials.model.ts": {"path":"/Users/shashwotbhattarai/Desktop/personal_projects/resume tracker/auth_microservice/src/database/models/authCredentials.model.ts","statementMap":{"0":{"start":{"line":4,"column":30},"end":{"line":14,"column":2}},"1":{"start":{"line":16,"column":31},"end":{"line":16,"column":78}}},"fnMap":{},"branchMap":{},"s":{"0":1,"1":1},"f":{},"b":{},"_coverageSchema":"1a1c01bbd47fc00a2c39e90264f33305004495a9","hash":"7e6d01fe4f7b732e64f884e805dfcfcf321a2c8e"}
,"/Users/shashwotbhattarai/Desktop/personal_projects/resume tracker/auth_microservice/src/interfaces/emailPayload.interface.ts": {"path":"/Users/shashwotbhattarai/Desktop/personal_projects/resume tracker/auth_microservice/src/interfaces/emailPayload.interface.ts","statementMap":{},"fnMap":{},"branchMap":{},"s":{},"f":{},"b":{}}
,"/Users/shashwotbhattarai/Desktop/personal_projects/resume tracker/auth_microservice/src/routes/auth.route.ts": {"path":"/Users/shashwotbhattarai/Desktop/personal_projects/resume tracker/auth_microservice/src/routes/auth.route.ts","statementMap":{"0":{"start":{"line":5,"column":23},"end":{"line":5,"column":39}},"1":{"start":{"line":7,"column":0},"end":{"line":22,"column":3}},"2":{"start":{"line":8,"column":19},"end":{"line":8,"column":57}},"3":{"start":{"line":10,"column":2},"end":{"line":12,"column":3}},"4":{"start":{"line":11,"column":4},"end":{"line":11,"column":69}},"5":{"start":{"line":13,"column":22},"end":{"line":13,"column":39}},"6":{"start":{"line":14,"column":30},"end":{"line":19,"column":1}},"7":{"start":{"line":21,"column":2},"end":{"line":21,"column":75}},"8":{"start":{"line":24,"column":0},"end":{"line":32,"column":3}},"9":{"start":{"line":25,"column":22},"end":{"line":25,"column":39}},"10":{"start":{"line":26,"column":30},"end":{"line":29,"column":3}},"11":{"start":{"line":31,"column":2},"end":{"line":31,"column":85}}},"fnMap":{"0":{"name":"(anonymous_0)","decl":{"start":{"line":7,"column":23},"end":{"line":7,"column":24}},"loc":{"start":{"line":7,"column":61},"end":{"line":22,"column":1}},"line":7},"1":{"name":"(anonymous_1)","decl":{"start":{"line":24,"column":22},"end":{"line":24,"column":23}},"loc":{"start":{"line":24,"column":61},"end":{"line":32,"column":1}},"line":24}},"branchMap":{"0":{"loc":{"start":{"line":10,"column":2},"end":{"line":12,"column":3}},"type":"if","locations":[{"start":{"line":10,"column":2},"end":{"line":12,"column":3}},{"start":{},"end":{}}],"line":10}},"s":{"0":0,"1":0,"2":0,"3":0,"4":0,"5":0,"6":0,"7":0,"8":0,"9":0,"10":0,"11":0},"f":{"0":0,"1":0},"b":{"0":[0,0]}}
,"/Users/shashwotbhattarai/Desktop/personal_projects/resume tracker/auth_microservice/src/services/auth.service.ts": {"path":"/Users/shashwotbhattarai/Desktop/personal_projects/resume tracker/auth_microservice/src/services/auth.service.ts","statementMap":{"0":{"start":{"line":8,"column":2},"end":{"line":39,"column":3}},"1":{"start":{"line":9,"column":18},"end":{"line":9,"column":74}},"2":{"start":{"line":10,"column":3},"end":{"line":33,"column":4}},"3":{"start":{"line":11,"column":28},"end":{"line":16,"column":6}},"4":{"start":{"line":17,"column":34},"end":{"line":17,"column":62}},"5":{"start":{"line":18,"column":39},"end":{"line":22,"column":5}},"6":{"start":{"line":23,"column":37},"end":{"line":23,"column":93}},"7":{"start":{"line":24,"column":4},"end":{"line":27,"column":6}},"8":{"start":{"line":28,"column":10},"end":{"line":33,"column":4}},"9":{"start":{"line":29,"column":4},"end":{"line":32,"column":6}},"10":{"start":{"line":35,"column":3},"end":{"line":38,"column":5}},"11":{"start":{"line":42,"column":2},"end":{"line":73,"column":3}},"12":{"start":{"line":43,"column":18},"end":{"line":43,"column":76}},"13":{"start":{"line":45,"column":3},"end":{"line":67,"column":4}},"14":{"start":{"line":46,"column":18},"end":{"line":56,"column":5}},"15":{"start":{"line":58,"column":4},"end":{"line":61,"column":6}},"16":{"start":{"line":62,"column":10},"end":{"line":67,"column":4}},"17":{"start":{"line":63,"column":4},"end":{"line":66,"column":6}},"18":{"start":{"line":69,"column":3},"end":{"line":72,"column":5}}},"fnMap":{"0":{"name":"(anonymous_0)","decl":{"start":{"line":7,"column":1},"end":{"line":7,"column":2}},"loc":{"start":{"line":7,"column":100},"end":{"line":40,"column":2}},"line":7},"1":{"name":"(anonymous_1)","decl":{"start":{"line":41,"column":1},"end":{"line":41,"column":2}},"loc":{"start":{"line":41,"column":59},"end":{"line":74,"column":2}},"line":41}},"branchMap":{"0":{"loc":{"start":{"line":10,"column":3},"end":{"line":33,"column":4}},"type":"if","locations":[{"start":{"line":10,"column":3},"end":{"line":33,"column":4}},{"start":{"line":28,"column":10},"end":{"line":33,"column":4}}],"line":10},"1":{"loc":{"start":{"line":28,"column":10},"end":{"line":33,"column":4}},"type":"if","locations":[{"start":{"line":28,"column":10},"end":{"line":33,"column":4}},{"start":{},"end":{}}],"line":28},"2":{"loc":{"start":{"line":45,"column":3},"end":{"line":67,"column":4}},"type":"if","locations":[{"start":{"line":45,"column":3},"end":{"line":67,"column":4}},{"start":{"line":62,"column":10},"end":{"line":67,"column":4}}],"line":45},"3":{"loc":{"start":{"line":45,"column":7},"end":{"line":45,"column":58}},"type":"binary-expr","locations":[{"start":{"line":45,"column":7},"end":{"line":45,"column":22}},{"start":{"line":45,"column":26},"end":{"line":45,"column":58}}],"line":45},"4":{"loc":{"start":{"line":62,"column":10},"end":{"line":67,"column":4}},"type":"if","locations":[{"start":{"line":62,"column":10},"end":{"line":67,"column":4}},{"start":{},"end":{}}],"line":62},"5":{"loc":{"start":{"line":62,"column":14},"end":{"line":62,"column":64}},"type":"binary-expr","locations":[{"start":{"line":62,"column":14},"end":{"line":62,"column":28}},{"start":{"line":62,"column":32},"end":{"line":62,"column":64}}],"line":62}},"s":{"0":3,"1":3,"2":2,"3":1,"4":1,"5":1,"6":1,"7":1,"8":1,"9":1,"10":1,"11":4,"12":4,"13":3,"14":1,"15":1,"16":2,"17":2,"18":1},"f":{"0":3,"1":4},"b":{"0":[1,1],"1":[1,0],"2":[1,2],"3":[3,2],"4":[2,0],"5":[2,1]},"_coverageSchema":"1a1c01bbd47fc00a2c39e90264f33305004495a9","hash":"d9f828facb10948d9e1a972977b0f2097661d7e0"}
,"/Users/shashwotbhattarai/Desktop/personal_projects/resume tracker/auth_microservice/src/services/sqs.service.ts": {"path":"/Users/shashwotbhattarai/Desktop/personal_projects/resume tracker/auth_microservice/src/services/sqs.service.ts","statementMap":{"0":{"start":{"line":5,"column":17},"end":{"line":11,"column":4}},"1":{"start":{"line":12,"column":22},"end":{"line":12,"column":47}},"2":{"start":{"line":14,"column":18},"end":{"line":29,"column":4}},"3":{"start":{"line":31,"column":19},"end":{"line":31,"column":45}},"4":{"start":{"line":32,"column":2},"end":{"line":32,"column":24}},"5":{"start":{"line":33,"column":2},"end":{"line":33,"column":59}}},"fnMap":{"0":{"name":"(anonymous_0)","decl":{"start":{"line":4,"column":1},"end":{"line":4,"column":2}},"loc":{"start":{"line":4,"column":45},"end":{"line":34,"column":2}},"line":4}},"branchMap":{"0":{"loc":{"start":{"line":7,"column":17},"end":{"line":7,"column":52}},"type":"binary-expr","locations":[{"start":{"line":7,"column":17},"end":{"line":7,"column":46}},{"start":{"line":7,"column":50},"end":{"line":7,"column":52}}],"line":7},"1":{"loc":{"start":{"line":8,"column":21},"end":{"line":8,"column":60}},"type":"binary-expr","locations":[{"start":{"line":8,"column":21},"end":{"line":8,"column":54}},{"start":{"line":8,"column":58},"end":{"line":8,"column":60}}],"line":8},"2":{"loc":{"start":{"line":10,"column":11},"end":{"line":10,"column":39}},"type":"binary-expr","locations":[{"start":{"line":10,"column":11},"end":{"line":10,"column":33}},{"start":{"line":10,"column":37},"end":{"line":10,"column":39}}],"line":10}},"s":{"0":0,"1":0,"2":0,"3":0,"4":0,"5":0},"f":{"0":0},"b":{"0":[0,0],"1":[0,0],"2":[0,0]},"_coverageSchema":"1a1c01bbd47fc00a2c39e90264f33305004495a9","hash":"8c9eb02aa5198beef207674d1b4d7e8f7577f23a"}
,"/Users/shashwotbhattarai/Desktop/personal_projects/resume tracker/auth_microservice/src/validators/signup.validate.ts": {"path":"/Users/shashwotbhattarai/Desktop/personal_projects/resume tracker/auth_microservice/src/validators/signup.validate.ts","statementMap":{"0":{"start":{"line":3,"column":35},"end":{"line":8,"column":4}}},"fnMap":{},"branchMap":{},"s":{"0":0},"f":{},"b":{}}
}
